{"C:\\Users\\vennilap\\Documents\\nodejs-samples\\ist\\srcer\\index.js":{"path":"C:\\Users\\vennilap\\Documents\\nodejs-samples\\ist\\srcer\\index.js","s":{"1":1,"2":1,"3":1,"4":0},"b":{"1":[1,0]},"f":{"1":1},"fnMap":{"1":{"name":"printLine","line":1,"loc":{"start":{"line":1,"column":17},"end":{"line":1,"column":40}}}},"statementMap":{"1":{"start":{"line":1,"column":0},"end":{"line":7,"column":1}},"2":{"start":{"line":2,"column":4},"end":{"line":6,"column":5}},"3":{"start":{"line":3,"column":4},"end":{"line":3,"column":19}},"4":{"start":{"line":5,"column":8},"end":{"line":5,"column":24}}},"branchMap":{"1":{"line":2,"type":"if","locations":[{"start":{"line":2,"column":4},"end":{"line":2,"column":4}},{"start":{"line":2,"column":4},"end":{"line":2,"column":4}}]}}}}